<?xml version="1.0" encoding="UTF-8"?>
<testng-results skipped="0" failed="0" ignored="1" total="2" passed="1">
  <reporter-output>
  </reporter-output>
  <suite name="Suite" duration-ms="141" started-at="2018-08-28T09:26:31Z" finished-at="2018-08-28T09:26:31Z">
    <groups>
      <group name="SmokeTest">
        <method signature="TC006_TestNGGrouping.loginTest()[pri:0, instance:TestNGs.TC006_TestNGGrouping@59fa1d9b]" name="loginTest" class="TestNGs.TC006_TestNGGrouping"/>
      </group> <!-- SmokeTest -->
      <group name="FunctionalTest">
        <method signature="TC006_TestNGGrouping.loginTest()[pri:0, instance:TestNGs.TC006_TestNGGrouping@59fa1d9b]" name="loginTest" class="TestNGs.TC006_TestNGGrouping"/>
      </group> <!-- FunctionalTest -->
    </groups>
    <test name="Test" duration-ms="141" started-at="2018-08-28T09:26:31Z" finished-at="2018-08-28T09:26:31Z">
      <class name="TestNGs.TC006_TestNGGrouping">
        <test-method status="PASS" signature="loginTest()[pri:0, instance:TestNGs.TC006_TestNGGrouping@59fa1d9b]" name="loginTest" duration-ms="60" started-at="2018-08-28T09:26:31Z" finished-at="2018-08-28T09:26:31Z">
          <reporter-output>
          </reporter-output>
        </test-method> <!-- loginTest -->
      </class> <!-- TestNGs.TC006_TestNGGrouping -->
    </test> <!-- Test -->
  </suite> <!-- Suite -->
</testng-results>
